time="2021-12-14T15:27:57+09:00" level=info msg="podman filtering at log level debug"
time="2021-12-14T15:27:57+09:00" level=debug msg="Called service.PersistentPreRunE(podman system service -t 600 --log-level=debug)"
time="2021-12-14T15:27:57+09:00" level=debug msg="Merged system config \"/usr/share/containers/containers.conf\""
time="2021-12-14T15:27:57+09:00" level=debug msg="Merged system config \"/etc/containers/containers.conf\""
time="2021-12-14T15:27:57+09:00" level=debug msg="Using conmon: \"/usr/bin/conmon\""
time="2021-12-14T15:27:57+09:00" level=debug msg="Initializing boltdb state at /var/lib/containers/storage/libpod/bolt_state.db"
time="2021-12-14T15:27:57+09:00" level=debug msg="Using graph driver overlay"
time="2021-12-14T15:27:57+09:00" level=debug msg="Using graph root /var/lib/containers/storage"
time="2021-12-14T15:27:57+09:00" level=debug msg="Using run root /run/containers/storage"
time="2021-12-14T15:27:57+09:00" level=debug msg="Using static dir /var/lib/containers/storage/libpod"
time="2021-12-14T15:27:57+09:00" level=debug msg="Using tmp dir /run/libpod"
time="2021-12-14T15:27:57+09:00" level=debug msg="Using volume path /var/lib/containers/storage/volumes"
time="2021-12-14T15:27:57+09:00" level=debug msg="Set libpod namespace to \"\""
time="2021-12-14T15:27:57+09:00" level=debug msg="[graphdriver] trying provided driver \"overlay\""
time="2021-12-14T15:27:57+09:00" level=debug msg="overlay: test mount with multiple lowers succeeded"
time="2021-12-14T15:27:57+09:00" level=debug msg="overlay: test mount indicated that metacopy is not being used"
time="2021-12-14T15:27:57+09:00" level=debug msg="backingFs=xfs, projectQuotaSupported=false, useNativeDiff=true, usingMetacopy=false"
time="2021-12-14T15:27:57+09:00" level=debug msg="Initializing event backend journald"
time="2021-12-14T15:27:57+09:00" level=debug msg="Configured OCI runtime kata initialization failed: no valid executable found for OCI runtime kata: invalid argument"
time="2021-12-14T15:27:57+09:00" level=debug msg="Configured OCI runtime runsc initialization failed: no valid executable found for OCI runtime runsc: invalid argument"
time="2021-12-14T15:27:57+09:00" level=debug msg="Configured OCI runtime krun initialization failed: no valid executable found for OCI runtime krun: invalid argument"
time="2021-12-14T15:27:57+09:00" level=debug msg="Using OCI runtime \"/root/01_GOPATH/src/github.com/containers/crun/crun\""
time="2021-12-14T15:27:57+09:00" level=debug msg="Initialized SHM lock manager at path /libpod_lock"
time="2021-12-14T15:27:57+09:00" level=debug msg="Podman detected system restart - performing state refresh"
time="2021-12-14T15:27:57+09:00" level=info msg="Setting parallel job count to 13"
time="2021-12-14T15:27:57+09:00" level=debug msg="registered SIGHUP watcher for config"
time="2021-12-14T15:27:57+09:00" level=debug msg="CORS Headers were not set"
time="2021-12-14T15:27:57+09:00" level=info msg="API service listening on \"/run/podman/podman.sock\""
time="2021-12-14T15:27:57+09:00" level=debug msg="waiting for SIGHUP to reload configuration"
